2019-09-07 20:54:50.090  INFO 19736 --- [main] com.shicha.yzmgt.DemoApplication         : Starting DemoApplication v0.0.1-SNAPSHOT on DESKTOP-1F7KIVG with PID 19736 (E:\prj\git\yzhy\demo\target\yzmgt-0.0.1-SNAPSHOT.jar started by test in E:\prj\git\yzhy\demo)
2019-09-07 20:54:50.330  INFO 19736 --- [main] com.shicha.yzmgt.DemoApplication         : No active profile set, falling back to default profiles: default
2019-09-07 20:54:54.341  INFO 19736 --- [main] .s.d.r.c.RepositoryConfigurationDelegate : Bootstrapping Spring Data repositories in DEFAULT mode.
2019-09-07 20:54:54.614  INFO 19736 --- [main] .s.d.r.c.RepositoryConfigurationDelegate : Finished Spring Data repository scanning in 257ms. Found 13 repository interfaces.
2019-09-07 20:54:55.539  INFO 19736 --- [main] trationDelegate$BeanPostProcessorChecker : Bean 'org.springframework.transaction.annotation.ProxyTransactionManagementConfiguration' of type [org.springframework.transaction.annotation.ProxyTransactionManagementConfiguration$$EnhancerBySpringCGLIB$$4de21765] is not eligible for getting processed by all BeanPostProcessors (for example: not eligible for auto-proxying)
2019-09-07 20:54:55.626  INFO 19736 --- [main] trationDelegate$BeanPostProcessorChecker : Bean 'org.springframework.security.config.annotation.configuration.ObjectPostProcessorConfiguration' of type [org.springframework.security.config.annotation.configuration.ObjectPostProcessorConfiguration$$EnhancerBySpringCGLIB$$e68fdf9f] is not eligible for getting processed by all BeanPostProcessors (for example: not eligible for auto-proxying)
2019-09-07 20:54:55.710  INFO 19736 --- [main] trationDelegate$BeanPostProcessorChecker : Bean 'objectPostProcessor' of type [org.springframework.security.config.annotation.configuration.AutowireBeanFactoryObjectPostProcessor] is not eligible for getting processed by all BeanPostProcessors (for example: not eligible for auto-proxying)
2019-09-07 20:54:55.718  INFO 19736 --- [main] trationDelegate$BeanPostProcessorChecker : Bean 'org.springframework.security.access.expression.method.DefaultMethodSecurityExpressionHandler@2e377400' of type [org.springframework.security.access.expression.method.DefaultMethodSecurityExpressionHandler] is not eligible for getting processed by all BeanPostProcessors (for example: not eligible for auto-proxying)
2019-09-07 20:54:55.738  INFO 19736 --- [main] trationDelegate$BeanPostProcessorChecker : Bean 'org.springframework.security.config.annotation.method.configuration.GlobalMethodSecurityConfiguration' of type [org.springframework.security.config.annotation.method.configuration.GlobalMethodSecurityConfiguration$$EnhancerBySpringCGLIB$$b648251] is not eligible for getting processed by all BeanPostProcessors (for example: not eligible for auto-proxying)
2019-09-07 20:54:55.746  INFO 19736 --- [main] trationDelegate$BeanPostProcessorChecker : Bean 'methodSecurityMetadataSource' of type [org.springframework.security.access.method.DelegatingMethodSecurityMetadataSource] is not eligible for getting processed by all BeanPostProcessors (for example: not eligible for auto-proxying)
2019-09-07 20:54:57.882  INFO 19736 --- [main] o.s.b.w.embedded.tomcat.TomcatWebServer  : Tomcat initialized with port(s): 8300 (http)
2019-09-07 20:54:57.994  INFO 19736 --- [main] o.apache.catalina.core.StandardService   : Starting service [Tomcat]
2019-09-07 20:54:57.994  INFO 19736 --- [main] org.apache.catalina.core.StandardEngine  : Starting Servlet engine: [Apache Tomcat/9.0.14]
2019-09-07 20:54:58.178  INFO 19736 --- [main] o.a.catalina.core.AprLifecycleListener   : The APR based Apache Tomcat Native library which allows optimal performance in production environments was not found on the java.library.path: [C:\ProgramData\Oracle\Java\javapath;C:\WINDOWS\Sun\Java\bin;C:\WINDOWS\system32;C:\WINDOWS;C:\ProgramData\Oracle\Java\javapath;C:\Program Files (x86)\Intel\iCLS Client\;C:\Program Files\Intel\iCLS Client\;C:\WINDOWS\system32;C:\WINDOWS;C:\WINDOWS\System32\Wbem;C:\WINDOWS\System32\WindowsPowerShell\v1.0\;C:\Program Files (x86)\Intel\Intel(R) Management Engine Components\DAL;C:\Program Files\Intel\Intel(R) Management Engine Components\DAL;C:\Program Files (x86)\Intel\Intel(R) Management Engine Components\IPT;C:\Program Files\Intel\Intel(R) Management Engine Components\IPT;C:\WINDOWS\System32\OpenSSH\;C:\Program Files\dotnet\;C:\Program Files\nodejs\;E:\dev\apache-maven-3.6.0-bin\apache-maven-3.6.0\bin;C:\Program Files\Git\cmd;C:\Users\test\AppData\Local\Microsoft\WindowsApps;C:\Program Files (x86)\SSH Communications Security\SSH Secure Shell;C:\Program Files\MySQL\MySQL Server 5.6\bin;C:\Program Files\Microsoft VS Code\bin;C:\Users\test\AppData\Roaming\npm;.]
2019-09-07 20:55:00.317  INFO 19736 --- [main] o.a.c.c.C.[Tomcat].[localhost].[/]       : Initializing Spring embedded WebApplicationContext
2019-09-07 20:55:00.321  INFO 19736 --- [main] o.s.web.context.ContextLoader            : Root WebApplicationContext: initialization completed in 9579 ms
2019-09-07 20:55:01.226  INFO 19736 --- [main] com.zaxxer.hikari.HikariDataSource       : HikariPool-1 - Starting...
2019-09-07 20:55:03.453  INFO 19736 --- [main] com.zaxxer.hikari.HikariDataSource       : HikariPool-1 - Start completed.
2019-09-07 20:55:04.205  INFO 19736 --- [main] o.hibernate.jpa.internal.util.LogHelper  : HHH000204: Processing PersistenceUnitInfo [
	name: default
	...]
2019-09-07 20:55:04.595  INFO 19736 --- [main] org.hibernate.Version                    : HHH000412: Hibernate Core {5.3.7.Final}
2019-09-07 20:55:04.599  INFO 19736 --- [main] org.hibernate.cfg.Environment            : HHH000206: hibernate.properties not found
2019-09-07 20:55:05.085  INFO 19736 --- [main] o.hibernate.annotations.common.Version   : HCANN000001: Hibernate Commons Annotations {5.0.4.Final}
2019-09-07 20:55:08.150  INFO 19736 --- [main] org.hibernate.dialect.Dialect            : HHH000400: Using dialect: org.hibernate.dialect.MySQL5InnoDBDialect
2019-09-07 20:55:20.333  INFO 19736 --- [main] j.LocalContainerEntityManagerFactoryBean : Initialized JPA EntityManagerFactory for persistence unit 'default'
2019-09-07 20:55:20.918  INFO 19736 --- [main] o.h.h.i.QueryTranslatorFactoryInitiator  : HHH000397: Using ASTQueryTranslatorFactory
2019-09-07 20:55:22.220  INFO 19736 --- [main] o.s.s.concurrent.ThreadPoolTaskExecutor  : Initializing ExecutorService 'clientInboundChannelExecutor'
2019-09-07 20:55:22.236  INFO 19736 --- [main] o.s.s.concurrent.ThreadPoolTaskExecutor  : Initializing ExecutorService 'clientOutboundChannelExecutor'
2019-09-07 20:55:22.661  INFO 19736 --- [main] o.s.s.c.ThreadPoolTaskScheduler          : Initializing ExecutorService 'messageBrokerTaskScheduler'
2019-09-07 20:55:22.765  INFO 19736 --- [main] o.s.s.concurrent.ThreadPoolTaskExecutor  : Initializing ExecutorService 'brokerChannelExecutor'
2019-09-07 20:55:23.109  INFO 19736 --- [main] o.s.s.web.DefaultSecurityFilterChain     : Creating filter chain: Ant [pattern='/upload/**'], []
2019-09-07 20:55:23.109  INFO 19736 --- [main] o.s.s.web.DefaultSecurityFilterChain     : Creating filter chain: Ant [pattern='/download/**'], []
2019-09-07 20:55:23.113  INFO 19736 --- [main] o.s.s.web.DefaultSecurityFilterChain     : Creating filter chain: Ant [pattern='/'], []
2019-09-07 20:55:23.113  INFO 19736 --- [main] o.s.s.web.DefaultSecurityFilterChain     : Creating filter chain: Ant [pattern='/user/needlogin'], []
2019-09-07 20:55:23.113  INFO 19736 --- [main] o.s.s.web.DefaultSecurityFilterChain     : Creating filter chain: Ant [pattern='/user/logout'], []
2019-09-07 20:55:23.117  INFO 19736 --- [main] o.s.s.web.DefaultSecurityFilterChain     : Creating filter chain: Ant [pattern='/advertisement/**'], []
2019-09-07 20:55:23.117  INFO 19736 --- [main] o.s.s.web.DefaultSecurityFilterChain     : Creating filter chain: Ant [pattern='/terminal/**'], []
2019-09-07 20:55:23.117  INFO 19736 --- [main] o.s.s.web.DefaultSecurityFilterChain     : Creating filter chain: Ant [pattern='/index.html'], []
2019-09-07 20:55:23.117  INFO 19736 --- [main] o.s.s.web.DefaultSecurityFilterChain     : Creating filter chain: Ant [pattern='/favico.ico'], []
2019-09-07 20:55:23.121  INFO 19736 --- [main] o.s.s.web.DefaultSecurityFilterChain     : Creating filter chain: Ant [pattern='/css/**'], []
2019-09-07 20:55:23.121  INFO 19736 --- [main] o.s.s.web.DefaultSecurityFilterChain     : Creating filter chain: Ant [pattern='/fonts/**'], []
2019-09-07 20:55:23.125  INFO 19736 --- [main] o.s.s.web.DefaultSecurityFilterChain     : Creating filter chain: Ant [pattern='/img/**'], []
2019-09-07 20:55:23.125  INFO 19736 --- [main] o.s.s.web.DefaultSecurityFilterChain     : Creating filter chain: Ant [pattern='/js/**'], []
2019-09-07 20:55:23.204  INFO 19736 --- [main] o.s.s.web.DefaultSecurityFilterChain     : Creating filter chain: any request, [org.springframework.security.web.context.request.async.WebAsyncManagerIntegrationFilter@712ca57b, org.springframework.security.web.context.SecurityContextPersistenceFilter@155d1021, org.springframework.security.web.header.HeaderWriterFilter@2f4919b0, org.springframework.security.web.authentication.logout.LogoutFilter@39aa45a1, com.shicha.yzmgt.security.CustomUsernamePasswordAuthenticationFilter@4564e94b, org.springframework.security.web.authentication.UsernamePasswordAuthenticationFilter@7bc9e6ab, org.springframework.security.web.savedrequest.RequestCacheAwareFilter@2e647e59, org.springframework.security.web.servletapi.SecurityContextHolderAwareRequestFilter@deb3b60, org.springframework.security.web.authentication.AnonymousAuthenticationFilter@54534abf, org.springframework.security.web.session.SessionManagementFilter@75b21c3b, org.springframework.security.web.access.ExceptionTranslationFilter@3249a1ce, org.springframework.security.web.access.intercept.FilterSecurityInterceptor@1f86099a]
2019-09-07 20:55:23.500  WARN 19736 --- [main] aWebConfiguration$JpaWebMvcConfiguration : spring.jpa.open-in-view is enabled by default. Therefore, database queries may be performed during view rendering. Explicitly configure spring.jpa.open-in-view to disable this warning
2019-09-07 20:55:23.670  INFO 19736 --- [main] o.s.b.a.w.s.WelcomePageHandlerMapping    : Adding welcome page: class path resource [static/index.html]
2019-09-07 20:55:23.937  INFO 19736 --- [main] o.s.m.s.b.SimpleBrokerMessageHandler     : Starting...
2019-09-07 20:55:23.937  INFO 19736 --- [main] o.s.m.s.b.SimpleBrokerMessageHandler     : BrokerAvailabilityEvent[available=true, SimpleBrokerMessageHandler [DefaultSubscriptionRegistry[cache[0 destination(s)], registry[0 sessions]]]]
2019-09-07 20:55:23.941  INFO 19736 --- [main] o.s.m.s.b.SimpleBrokerMessageHandler     : Started.
2019-09-07 20:55:24.149  INFO 19736 --- [main] o.s.b.w.embedded.tomcat.TomcatWebServer  : Tomcat started on port(s): 8300 (http) with context path ''
2019-09-07 20:55:24.153  INFO 19736 --- [main] com.shicha.yzmgt.DemoApplication         : Started DemoApplication in 37.262 seconds (JVM running for 51.057)
2019-09-07 20:56:01.404  INFO 19736 --- [http-nio-8300-exec-1] o.a.c.c.C.[Tomcat].[localhost].[/]       : Initializing Spring DispatcherServlet 'dispatcherServlet'
2019-09-07 20:56:01.404  INFO 19736 --- [http-nio-8300-exec-1] o.s.web.servlet.DispatcherServlet        : Initializing Servlet 'dispatcherServlet'
2019-09-07 20:56:01.456  INFO 19736 --- [http-nio-8300-exec-1] o.s.web.servlet.DispatcherServlet        : Completed initialization in 52 ms
2019-09-07 20:56:22.766  INFO 19736 --- [MessageBroker-2] o.s.w.s.c.WebSocketMessageBrokerStats    : WebSocketSession[1 current WS(1)-HttpStream(0)-HttpPoll(0), 1 total, 0 closed abnormally (0 connect failure, 0 send limit, 0 transport error)], stompSubProtocol[processed CONNECT(1)-CONNECTED(1)-DISCONNECT(0)], stompBrokerRelay[null], inboundChannel[pool size = 6, active threads = 0, queued tasks = 0, completed tasks = 6], outboundChannel[pool size = 1, active threads = 0, queued tasks = 0, completed tasks = 1], sockJsScheduler[pool size = 4, active threads = 1, queued tasks = 4, completed tasks = 5]
2019-09-07 21:26:22.767  INFO 19736 --- [MessageBroker-1] o.s.w.s.c.WebSocketMessageBrokerStats    : WebSocketSession[1 current WS(1)-HttpStream(0)-HttpPoll(0), 1 total, 0 closed abnormally (0 connect failure, 0 send limit, 0 transport error)], stompSubProtocol[processed CONNECT(1)-CONNECTED(1)-DISCONNECT(0)], stompBrokerRelay[null], inboundChannel[pool size = 0, active threads = 0, queued tasks = 0, completed tasks = 6], outboundChannel[pool size = 0, active threads = 0, queued tasks = 0, completed tasks = 1], sockJsScheduler[pool size = 4, active threads = 1, queued tasks = 4, completed tasks = 444]
2019-09-07 21:43:22.596  INFO 19736 --- [Thread-3] o.s.m.s.b.SimpleBrokerMessageHandler     : Stopping...
2019-09-07 21:43:22.598  INFO 19736 --- [Thread-3] o.s.m.s.b.SimpleBrokerMessageHandler     : BrokerAvailabilityEvent[available=false, SimpleBrokerMessageHandler [DefaultSubscriptionRegistry[cache[0 destination(s)], registry[0 sessions]]]]
2019-09-07 21:43:22.600  INFO 19736 --- [Thread-3] o.s.m.s.b.SimpleBrokerMessageHandler     : Stopped.
2019-09-07 21:43:23.297  INFO 19736 --- [Thread-3] o.s.s.concurrent.ThreadPoolTaskExecutor  : Shutting down ExecutorService 'brokerChannelExecutor'
2019-09-07 21:43:23.319  INFO 19736 --- [Thread-3] o.s.s.c.ThreadPoolTaskScheduler          : Shutting down ExecutorService 'messageBrokerTaskScheduler'
2019-09-07 21:43:23.322  INFO 19736 --- [Thread-3] o.s.s.concurrent.ThreadPoolTaskExecutor  : Shutting down ExecutorService 'clientOutboundChannelExecutor'
2019-09-07 21:43:23.323  INFO 19736 --- [Thread-3] o.s.s.concurrent.ThreadPoolTaskExecutor  : Shutting down ExecutorService 'clientInboundChannelExecutor'
2019-09-07 21:43:23.384  INFO 19736 --- [Thread-3] j.LocalContainerEntityManagerFactoryBean : Closing JPA EntityManagerFactory for persistence unit 'default'
2019-09-07 21:43:23.872  INFO 19736 --- [Thread-3] com.zaxxer.hikari.HikariDataSource       : HikariPool-1 - Shutdown initiated...
2019-09-07 21:43:24.062  INFO 19736 --- [Thread-3] com.zaxxer.hikari.HikariDataSource       : HikariPool-1 - Shutdown completed.
2019-09-07 21:43:33.943  INFO 16080 --- [main] com.shicha.yzmgt.DemoApplication         : Starting DemoApplication v0.0.1-SNAPSHOT on DESKTOP-1F7KIVG with PID 16080 (E:\prj\git\yzhy\demo\target\yzmgt-0.0.1-SNAPSHOT.jar started by test in E:\prj\git\yzhy\demo)
2019-09-07 21:43:34.005  INFO 16080 --- [main] com.shicha.yzmgt.DemoApplication         : No active profile set, falling back to default profiles: default
2019-09-07 21:43:39.163  INFO 16080 --- [main] .s.d.r.c.RepositoryConfigurationDelegate : Bootstrapping Spring Data repositories in DEFAULT mode.
2019-09-07 21:43:39.435  INFO 16080 --- [main] .s.d.r.c.RepositoryConfigurationDelegate : Finished Spring Data repository scanning in 257ms. Found 13 repository interfaces.
2019-09-07 21:43:40.574  INFO 16080 --- [main] trationDelegate$BeanPostProcessorChecker : Bean 'org.springframework.transaction.annotation.ProxyTransactionManagementConfiguration' of type [org.springframework.transaction.annotation.ProxyTransactionManagementConfiguration$$EnhancerBySpringCGLIB$$1c53c9ff] is not eligible for getting processed by all BeanPostProcessors (for example: not eligible for auto-proxying)
2019-09-07 21:43:40.708  INFO 16080 --- [main] trationDelegate$BeanPostProcessorChecker : Bean 'org.springframework.security.config.annotation.configuration.ObjectPostProcessorConfiguration' of type [org.springframework.security.config.annotation.configuration.ObjectPostProcessorConfiguration$$EnhancerBySpringCGLIB$$b5019239] is not eligible for getting processed by all BeanPostProcessors (for example: not eligible for auto-proxying)
2019-09-07 21:43:40.716  INFO 16080 --- [main] trationDelegate$BeanPostProcessorChecker : Bean 'objectPostProcessor' of type [org.springframework.security.config.annotation.configuration.AutowireBeanFactoryObjectPostProcessor] is not eligible for getting processed by all BeanPostProcessors (for example: not eligible for auto-proxying)
2019-09-07 21:43:40.762  INFO 16080 --- [main] trationDelegate$BeanPostProcessorChecker : Bean 'org.springframework.security.access.expression.method.DefaultMethodSecurityExpressionHandler@445b295b' of type [org.springframework.security.access.expression.method.DefaultMethodSecurityExpressionHandler] is not eligible for getting processed by all BeanPostProcessors (for example: not eligible for auto-proxying)
2019-09-07 21:43:40.766  INFO 16080 --- [main] trationDelegate$BeanPostProcessorChecker : Bean 'org.springframework.security.config.annotation.method.configuration.GlobalMethodSecurityConfiguration' of type [org.springframework.security.config.annotation.method.configuration.GlobalMethodSecurityConfiguration$$EnhancerBySpringCGLIB$$d9d634eb] is not eligible for getting processed by all BeanPostProcessors (for example: not eligible for auto-proxying)
2019-09-07 21:43:40.772  INFO 16080 --- [main] trationDelegate$BeanPostProcessorChecker : Bean 'methodSecurityMetadataSource' of type [org.springframework.security.access.method.DelegatingMethodSecurityMetadataSource] is not eligible for getting processed by all BeanPostProcessors (for example: not eligible for auto-proxying)
2019-09-07 21:43:42.477  INFO 16080 --- [main] o.s.b.w.embedded.tomcat.TomcatWebServer  : Tomcat initialized with port(s): 8300 (http)
2019-09-07 21:43:42.998  INFO 16080 --- [main] o.apache.catalina.core.StandardService   : Starting service [Tomcat]
2019-09-07 21:43:42.999  INFO 16080 --- [main] org.apache.catalina.core.StandardEngine  : Starting Servlet engine: [Apache Tomcat/9.0.14]
2019-09-07 21:43:43.171  INFO 16080 --- [main] o.a.catalina.core.AprLifecycleListener   : The APR based Apache Tomcat Native library which allows optimal performance in production environments was not found on the java.library.path: [C:\ProgramData\Oracle\Java\javapath;C:\WINDOWS\Sun\Java\bin;C:\WINDOWS\system32;C:\WINDOWS;C:\ProgramData\Oracle\Java\javapath;C:\Program Files (x86)\Intel\iCLS Client\;C:\Program Files\Intel\iCLS Client\;C:\WINDOWS\system32;C:\WINDOWS;C:\WINDOWS\System32\Wbem;C:\WINDOWS\System32\WindowsPowerShell\v1.0\;C:\Program Files (x86)\Intel\Intel(R) Management Engine Components\DAL;C:\Program Files\Intel\Intel(R) Management Engine Components\DAL;C:\Program Files (x86)\Intel\Intel(R) Management Engine Components\IPT;C:\Program Files\Intel\Intel(R) Management Engine Components\IPT;C:\WINDOWS\System32\OpenSSH\;C:\Program Files\dotnet\;C:\Program Files\nodejs\;E:\dev\apache-maven-3.6.0-bin\apache-maven-3.6.0\bin;C:\Program Files\Git\cmd;C:\Users\test\AppData\Local\Microsoft\WindowsApps;C:\Program Files (x86)\SSH Communications Security\SSH Secure Shell;C:\Program Files\MySQL\MySQL Server 5.6\bin;C:\Program Files\Microsoft VS Code\bin;C:\Users\test\AppData\Roaming\npm;.]
2019-09-07 21:43:47.267  INFO 16080 --- [main] o.a.c.c.C.[Tomcat].[localhost].[/]       : Initializing Spring embedded WebApplicationContext
2019-09-07 21:43:47.268  INFO 16080 --- [main] o.s.web.context.ContextLoader            : Root WebApplicationContext: initialization completed in 12883 ms
2019-09-07 21:43:48.080  INFO 16080 --- [main] com.zaxxer.hikari.HikariDataSource       : HikariPool-1 - Starting...
2019-09-07 21:43:48.728  INFO 16080 --- [main] com.zaxxer.hikari.HikariDataSource       : HikariPool-1 - Start completed.
2019-09-07 21:43:48.992  INFO 16080 --- [main] o.hibernate.jpa.internal.util.LogHelper  : HHH000204: Processing PersistenceUnitInfo [
	name: default
	...]
2019-09-07 21:43:49.255  INFO 16080 --- [main] org.hibernate.Version                    : HHH000412: Hibernate Core {5.3.7.Final}
2019-09-07 21:43:49.258  INFO 16080 --- [main] org.hibernate.cfg.Environment            : HHH000206: hibernate.properties not found
2019-09-07 21:43:49.931  INFO 16080 --- [main] o.hibernate.annotations.common.Version   : HCANN000001: Hibernate Commons Annotations {5.0.4.Final}
2019-09-07 21:43:52.627  INFO 16080 --- [main] org.hibernate.dialect.Dialect            : HHH000400: Using dialect: org.hibernate.dialect.MySQL5InnoDBDialect
2019-09-07 21:43:55.468  INFO 16080 --- [main] j.LocalContainerEntityManagerFactoryBean : Initialized JPA EntityManagerFactory for persistence unit 'default'
2019-09-07 21:43:56.275  INFO 16080 --- [main] o.h.h.i.QueryTranslatorFactoryInitiator  : HHH000397: Using ASTQueryTranslatorFactory
2019-09-07 21:43:57.755  INFO 16080 --- [main] o.s.s.concurrent.ThreadPoolTaskExecutor  : Initializing ExecutorService 'clientInboundChannelExecutor'
2019-09-07 21:43:57.768  INFO 16080 --- [main] o.s.s.concurrent.ThreadPoolTaskExecutor  : Initializing ExecutorService 'clientOutboundChannelExecutor'
2019-09-07 21:43:58.265  INFO 16080 --- [main] o.s.s.c.ThreadPoolTaskScheduler          : Initializing ExecutorService 'messageBrokerTaskScheduler'
2019-09-07 21:43:58.355  INFO 16080 --- [main] o.s.s.concurrent.ThreadPoolTaskExecutor  : Initializing ExecutorService 'brokerChannelExecutor'
2019-09-07 21:43:58.737  INFO 16080 --- [main] o.s.s.web.DefaultSecurityFilterChain     : Creating filter chain: Ant [pattern='/upload/**'], []
2019-09-07 21:43:58.738  INFO 16080 --- [main] o.s.s.web.DefaultSecurityFilterChain     : Creating filter chain: Ant [pattern='/download/**'], []
2019-09-07 21:43:58.740  INFO 16080 --- [main] o.s.s.web.DefaultSecurityFilterChain     : Creating filter chain: Ant [pattern='/'], []
2019-09-07 21:43:58.742  INFO 16080 --- [main] o.s.s.web.DefaultSecurityFilterChain     : Creating filter chain: Ant [pattern='/user/needlogin'], []
2019-09-07 21:43:58.745  INFO 16080 --- [main] o.s.s.web.DefaultSecurityFilterChain     : Creating filter chain: Ant [pattern='/user/logout'], []
2019-09-07 21:43:58.746  INFO 16080 --- [main] o.s.s.web.DefaultSecurityFilterChain     : Creating filter chain: Ant [pattern='/advertisement/**'], []
2019-09-07 21:43:58.748  INFO 16080 --- [main] o.s.s.web.DefaultSecurityFilterChain     : Creating filter chain: Ant [pattern='/terminal/**'], []
2019-09-07 21:43:58.750  INFO 16080 --- [main] o.s.s.web.DefaultSecurityFilterChain     : Creating filter chain: Ant [pattern='/index.html'], []
2019-09-07 21:43:58.752  INFO 16080 --- [main] o.s.s.web.DefaultSecurityFilterChain     : Creating filter chain: Ant [pattern='/favico.ico'], []
2019-09-07 21:43:58.753  INFO 16080 --- [main] o.s.s.web.DefaultSecurityFilterChain     : Creating filter chain: Ant [pattern='/css/**'], []
2019-09-07 21:43:58.755  INFO 16080 --- [main] o.s.s.web.DefaultSecurityFilterChain     : Creating filter chain: Ant [pattern='/fonts/**'], []
2019-09-07 21:43:58.756  INFO 16080 --- [main] o.s.s.web.DefaultSecurityFilterChain     : Creating filter chain: Ant [pattern='/img/**'], []
2019-09-07 21:43:58.759  INFO 16080 --- [main] o.s.s.web.DefaultSecurityFilterChain     : Creating filter chain: Ant [pattern='/js/**'], []
2019-09-07 21:43:58.843  INFO 16080 --- [main] o.s.s.web.DefaultSecurityFilterChain     : Creating filter chain: any request, [org.springframework.security.web.context.request.async.WebAsyncManagerIntegrationFilter@54acff7d, org.springframework.security.web.context.SecurityContextPersistenceFilter@127d7908, org.springframework.security.web.header.HeaderWriterFilter@4a60ee36, org.springframework.security.web.authentication.logout.LogoutFilter@2c42b421, com.shicha.yzmgt.security.CustomUsernamePasswordAuthenticationFilter@7bc9e6ab, org.springframework.security.web.authentication.UsernamePasswordAuthenticationFilter@1f86099a, org.springframework.security.web.savedrequest.RequestCacheAwareFilter@75b21c3b, org.springframework.security.web.servletapi.SecurityContextHolderAwareRequestFilter@4bd2f0dc, org.springframework.security.web.authentication.AnonymousAuthenticationFilter@5488b5c5, org.springframework.security.web.session.SessionManagementFilter@58faa93b, org.springframework.security.web.access.ExceptionTranslationFilter@18388a3c, org.springframework.security.web.access.intercept.FilterSecurityInterceptor@3b8ee898]
2019-09-07 21:43:59.133  WARN 16080 --- [main] aWebConfiguration$JpaWebMvcConfiguration : spring.jpa.open-in-view is enabled by default. Therefore, database queries may be performed during view rendering. Explicitly configure spring.jpa.open-in-view to disable this warning
2019-09-07 21:43:59.304  INFO 16080 --- [main] o.s.b.a.w.s.WelcomePageHandlerMapping    : Adding welcome page: class path resource [static/index.html]
2019-09-07 21:43:59.563  INFO 16080 --- [main] o.s.m.s.b.SimpleBrokerMessageHandler     : Starting...
2019-09-07 21:43:59.564  INFO 16080 --- [main] o.s.m.s.b.SimpleBrokerMessageHandler     : BrokerAvailabilityEvent[available=true, SimpleBrokerMessageHandler [DefaultSubscriptionRegistry[cache[0 destination(s)], registry[0 sessions]]]]
2019-09-07 21:43:59.566  INFO 16080 --- [main] o.s.m.s.b.SimpleBrokerMessageHandler     : Started.
2019-09-07 21:43:59.715  INFO 16080 --- [main] o.s.b.w.embedded.tomcat.TomcatWebServer  : Tomcat started on port(s): 8300 (http) with context path ''
2019-09-07 21:43:59.740  INFO 16080 --- [main] com.shicha.yzmgt.DemoApplication         : Started DemoApplication in 28.584 seconds (JVM running for 32.613)
2019-09-07 21:44:58.354  INFO 16080 --- [MessageBroker-2] o.s.w.s.c.WebSocketMessageBrokerStats    : WebSocketSession[0 current WS(0)-HttpStream(0)-HttpPoll(0), 0 total, 0 closed abnormally (0 connect failure, 0 send limit, 0 transport error)], stompSubProtocol[processed CONNECT(0)-CONNECTED(0)-DISCONNECT(0)], stompBrokerRelay[null], inboundChannel[pool size = 0, active threads = 0, queued tasks = 0, completed tasks = 0], outboundChannel[pool size = 0, active threads = 0, queued tasks = 0, completed tasks = 0], sockJsScheduler[pool size = 4, active threads = 1, queued tasks = 2, completed tasks = 1]
2019-09-07 21:45:08.532  INFO 16080 --- [http-nio-8300-exec-5] o.a.c.c.C.[Tomcat].[localhost].[/]       : Initializing Spring DispatcherServlet 'dispatcherServlet'
2019-09-07 21:45:08.533  INFO 16080 --- [http-nio-8300-exec-5] o.s.web.servlet.DispatcherServlet        : Initializing Servlet 'dispatcherServlet'
2019-09-07 21:45:08.549  INFO 16080 --- [http-nio-8300-exec-5] o.s.web.servlet.DispatcherServlet        : Completed initialization in 16 ms
2019-09-07 21:45:08.667  WARN 16080 --- [http-nio-8300-exec-4] .w.s.m.s.DefaultHandlerExceptionResolver : Resolved [org.springframework.web.HttpRequestMethodNotSupportedException: Request method 'POST' not supported]
2019-09-07 21:45:11.620  WARN 16080 --- [http-nio-8300-exec-1] .w.s.m.s.DefaultHandlerExceptionResolver : Resolved [org.springframework.web.HttpRequestMethodNotSupportedException: Request method 'POST' not supported]
2019-09-07 21:45:51.914  INFO 16080 --- [http-nio-8300-exec-5] c.shicha.yzmgt.service.BlacklistService  : lastrownumber:3287
2019-09-07 21:46:05.529  WARN 16080 --- [http-nio-8300-exec-5] o.h.engine.jdbc.spi.SqlExceptionHelper   : SQL Error: 1062, SQLState: 23000
2019-09-07 21:46:05.530 ERROR 16080 --- [http-nio-8300-exec-5] o.h.engine.jdbc.spi.SqlExceptionHelper   : Duplicate entry '430521196610085248 -bc7e49ca-5534-4c7d-9248-23706cd0a4f4' for key 'PRIMARY'
2019-09-07 21:46:05.589 ERROR 16080 --- [http-nio-8300-exec-5] o.h.i.ExceptionMapperStandardImpl        : HHH000346: Error during managed flush [org.hibernate.exception.ConstraintViolationException: could not execute statement]
2019-09-07 21:49:57.490  INFO 16080 --- [http-nio-8300-exec-1] c.shicha.yzmgt.service.BlacklistService  : lastrownumber:3286
2019-09-07 21:50:02.323  WARN 16080 --- [http-nio-8300-exec-1] o.h.engine.jdbc.spi.SqlExceptionHelper   : SQL Error: 1062, SQLState: 23000
2019-09-07 21:50:02.323 ERROR 16080 --- [http-nio-8300-exec-1] o.h.engine.jdbc.spi.SqlExceptionHelper   : Duplicate entry '522722194801092311 -bc7e49ca-5534-4c7d-9248-23706cd0a4f4' for key 'PRIMARY'
2019-09-07 21:50:02.324 ERROR 16080 --- [http-nio-8300-exec-1] o.h.i.ExceptionMapperStandardImpl        : HHH000346: Error during managed flush [org.hibernate.exception.ConstraintViolationException: could not execute statement]
2019-09-07 21:54:15.957  INFO 16080 --- [http-nio-8300-exec-7] c.shicha.yzmgt.service.BlacklistService  : lastrownumber:3285
2019-09-07 21:54:19.165  WARN 16080 --- [http-nio-8300-exec-7] o.h.engine.jdbc.spi.SqlExceptionHelper   : SQL Error: 1062, SQLState: 23000
2019-09-07 21:54:19.166 ERROR 16080 --- [http-nio-8300-exec-7] o.h.engine.jdbc.spi.SqlExceptionHelper   : Duplicate entry '522723195405280418   -bc7e49ca-5534-4c7d-9248-23706cd0a4f4' for key 'PRIMARY'
2019-09-07 21:54:19.166 ERROR 16080 --- [http-nio-8300-exec-7] o.h.i.ExceptionMapperStandardImpl        : HHH000346: Error during managed flush [org.hibernate.exception.ConstraintViolationException: could not execute statement]
2019-09-07 21:55:01.339  INFO 16080 --- [http-nio-8300-exec-9] c.shicha.yzmgt.service.BlacklistService  : lastrownumber:3284
2019-09-07 21:55:03.720  WARN 16080 --- [http-nio-8300-exec-9] o.h.engine.jdbc.spi.SqlExceptionHelper   : SQL Error: 1062, SQLState: 23000
2019-09-07 21:55:03.720 ERROR 16080 --- [http-nio-8300-exec-9] o.h.engine.jdbc.spi.SqlExceptionHelper   : Duplicate entry '522723197807175126 -bc7e49ca-5534-4c7d-9248-23706cd0a4f4' for key 'PRIMARY'
2019-09-07 21:55:03.721 ERROR 16080 --- [http-nio-8300-exec-9] o.h.i.ExceptionMapperStandardImpl        : HHH000346: Error during managed flush [org.hibernate.exception.ConstraintViolationException: could not execute statement]
2019-09-07 21:55:41.408  INFO 16080 --- [http-nio-8300-exec-3] c.shicha.yzmgt.service.BlacklistService  : lastrownumber:3283
2019-09-07 21:55:43.605  WARN 16080 --- [http-nio-8300-exec-3] o.h.engine.jdbc.spi.SqlExceptionHelper   : SQL Error: 1062, SQLState: 23000
2019-09-07 21:55:43.606 ERROR 16080 --- [http-nio-8300-exec-3] o.h.engine.jdbc.spi.SqlExceptionHelper   : Duplicate entry '522723197912100222        -bc7e49ca-5534-4c7d-9248-23706cd0a4f4' for key 'PRIMARY'
2019-09-07 21:55:43.607 ERROR 16080 --- [http-nio-8300-exec-3] o.h.i.ExceptionMapperStandardImpl        : HHH000346: Error during managed flush [org.hibernate.exception.ConstraintViolationException: could not execute statement]
2019-09-07 21:56:42.790  INFO 16080 --- [http-nio-8300-exec-5] c.shicha.yzmgt.service.BlacklistService  : lastrownumber:3282
2019-09-07 21:56:45.429  WARN 16080 --- [http-nio-8300-exec-5] o.h.engine.jdbc.spi.SqlExceptionHelper   : SQL Error: 1062, SQLState: 23000
2019-09-07 21:56:45.430 ERROR 16080 --- [http-nio-8300-exec-5] o.h.engine.jdbc.spi.SqlExceptionHelper   : Duplicate entry '522726194608080015   -bc7e49ca-5534-4c7d-9248-23706cd0a4f4' for key 'PRIMARY'
2019-09-07 21:56:45.430 ERROR 16080 --- [http-nio-8300-exec-5] o.h.i.ExceptionMapperStandardImpl        : HHH000346: Error during managed flush [org.hibernate.exception.ConstraintViolationException: could not execute statement]
2019-09-07 21:58:40.882  INFO 16080 --- [http-nio-8300-exec-1] c.shicha.yzmgt.service.BlacklistService  : lastrownumber:3281
2019-09-07 22:06:02.843  INFO 16080 --- [Thread-3] o.s.m.s.b.SimpleBrokerMessageHandler     : Stopping...
2019-09-07 22:06:02.844  INFO 16080 --- [Thread-3] o.s.m.s.b.SimpleBrokerMessageHandler     : BrokerAvailabilityEvent[available=false, SimpleBrokerMessageHandler [DefaultSubscriptionRegistry[cache[0 destination(s)], registry[0 sessions]]]]
2019-09-07 22:06:02.845  INFO 16080 --- [Thread-3] o.s.m.s.b.SimpleBrokerMessageHandler     : Stopped.
2019-09-07 22:06:02.899  INFO 16080 --- [Thread-3] o.s.s.concurrent.ThreadPoolTaskExecutor  : Shutting down ExecutorService 'brokerChannelExecutor'
2019-09-07 22:06:02.919  INFO 16080 --- [Thread-3] o.s.s.c.ThreadPoolTaskScheduler          : Shutting down ExecutorService 'messageBrokerTaskScheduler'
2019-09-07 22:06:02.922  INFO 16080 --- [Thread-3] o.s.s.concurrent.ThreadPoolTaskExecutor  : Shutting down ExecutorService 'clientOutboundChannelExecutor'
2019-09-07 22:06:02.922  INFO 16080 --- [Thread-3] o.s.s.concurrent.ThreadPoolTaskExecutor  : Shutting down ExecutorService 'clientInboundChannelExecutor'
2019-09-07 22:06:02.928  INFO 16080 --- [Thread-3] j.LocalContainerEntityManagerFactoryBean : Closing JPA EntityManagerFactory for persistence unit 'default'
2019-09-07 22:06:03.161  INFO 16080 --- [Thread-3] com.zaxxer.hikari.HikariDataSource       : HikariPool-1 - Shutdown initiated...
2019-09-07 22:06:03.353  INFO 16080 --- [Thread-3] com.zaxxer.hikari.HikariDataSource       : HikariPool-1 - Shutdown completed.
2019-09-07 22:18:28.620  INFO 2628 --- [main] com.shicha.yzmgt.DemoApplication         : Starting DemoApplication v0.0.1-SNAPSHOT on DESKTOP-1F7KIVG with PID 2628 (E:\prj\git\yzhy\demo\target\yzmgt-0.0.1-SNAPSHOT.jar started by test in E:\prj\git\yzhy\demo)
2019-09-07 22:18:28.656  INFO 2628 --- [main] com.shicha.yzmgt.DemoApplication         : No active profile set, falling back to default profiles: default
2019-09-07 22:18:30.535  INFO 2628 --- [main] .s.d.r.c.RepositoryConfigurationDelegate : Bootstrapping Spring Data repositories in DEFAULT mode.
2019-09-07 22:18:30.759  INFO 2628 --- [main] .s.d.r.c.RepositoryConfigurationDelegate : Finished Spring Data repository scanning in 207ms. Found 13 repository interfaces.
2019-09-07 22:18:31.595  INFO 2628 --- [main] trationDelegate$BeanPostProcessorChecker : Bean 'org.springframework.transaction.annotation.ProxyTransactionManagementConfiguration' of type [org.springframework.transaction.annotation.ProxyTransactionManagementConfiguration$$EnhancerBySpringCGLIB$$722ef394] is not eligible for getting processed by all BeanPostProcessors (for example: not eligible for auto-proxying)
2019-09-07 22:18:31.723  INFO 2628 --- [main] trationDelegate$BeanPostProcessorChecker : Bean 'org.springframework.security.config.annotation.configuration.ObjectPostProcessorConfiguration' of type [org.springframework.security.config.annotation.configuration.ObjectPostProcessorConfiguration$$EnhancerBySpringCGLIB$$adcbbce] is not eligible for getting processed by all BeanPostProcessors (for example: not eligible for auto-proxying)
2019-09-07 22:18:31.738  INFO 2628 --- [main] trationDelegate$BeanPostProcessorChecker : Bean 'objectPostProcessor' of type [org.springframework.security.config.annotation.configuration.AutowireBeanFactoryObjectPostProcessor] is not eligible for getting processed by all BeanPostProcessors (for example: not eligible for auto-proxying)
2019-09-07 22:18:31.743  INFO 2628 --- [main] trationDelegate$BeanPostProcessorChecker : Bean 'org.springframework.security.access.expression.method.DefaultMethodSecurityExpressionHandler@26b3fd41' of type [org.springframework.security.access.expression.method.DefaultMethodSecurityExpressionHandler] is not eligible for getting processed by all BeanPostProcessors (for example: not eligible for auto-proxying)
2019-09-07 22:18:31.771  INFO 2628 --- [main] trationDelegate$BeanPostProcessorChecker : Bean 'org.springframework.security.config.annotation.method.configuration.GlobalMethodSecurityConfiguration' of type [org.springframework.security.config.annotation.method.configuration.GlobalMethodSecurityConfiguration$$EnhancerBySpringCGLIB$$2fb15e80] is not eligible for getting processed by all BeanPostProcessors (for example: not eligible for auto-proxying)
2019-09-07 22:18:31.783  INFO 2628 --- [main] trationDelegate$BeanPostProcessorChecker : Bean 'methodSecurityMetadataSource' of type [org.springframework.security.access.method.DelegatingMethodSecurityMetadataSource] is not eligible for getting processed by all BeanPostProcessors (for example: not eligible for auto-proxying)
2019-09-07 22:18:34.057  INFO 2628 --- [main] o.s.b.w.embedded.tomcat.TomcatWebServer  : Tomcat initialized with port(s): 8300 (http)
2019-09-07 22:18:34.162  INFO 2628 --- [main] o.apache.catalina.core.StandardService   : Starting service [Tomcat]
2019-09-07 22:18:34.162  INFO 2628 --- [main] org.apache.catalina.core.StandardEngine  : Starting Servlet engine: [Apache Tomcat/9.0.14]
2019-09-07 22:18:34.348  INFO 2628 --- [main] o.a.catalina.core.AprLifecycleListener   : The APR based Apache Tomcat Native library which allows optimal performance in production environments was not found on the java.library.path: [C:\ProgramData\Oracle\Java\javapath;C:\WINDOWS\Sun\Java\bin;C:\WINDOWS\system32;C:\WINDOWS;C:\ProgramData\Oracle\Java\javapath;C:\Program Files (x86)\Intel\iCLS Client\;C:\Program Files\Intel\iCLS Client\;C:\WINDOWS\system32;C:\WINDOWS;C:\WINDOWS\System32\Wbem;C:\WINDOWS\System32\WindowsPowerShell\v1.0\;C:\Program Files (x86)\Intel\Intel(R) Management Engine Components\DAL;C:\Program Files\Intel\Intel(R) Management Engine Components\DAL;C:\Program Files (x86)\Intel\Intel(R) Management Engine Components\IPT;C:\Program Files\Intel\Intel(R) Management Engine Components\IPT;C:\WINDOWS\System32\OpenSSH\;C:\Program Files\dotnet\;C:\Program Files\nodejs\;E:\dev\apache-maven-3.6.0-bin\apache-maven-3.6.0\bin;C:\Program Files\Git\cmd;C:\Users\test\AppData\Local\Microsoft\WindowsApps;C:\Program Files (x86)\SSH Communications Security\SSH Secure Shell;C:\Program Files\MySQL\MySQL Server 5.6\bin;C:\Program Files\Microsoft VS Code\bin;C:\Users\test\AppData\Roaming\npm;.]
2019-09-07 22:18:36.699  INFO 2628 --- [main] o.a.c.c.C.[Tomcat].[localhost].[/]       : Initializing Spring embedded WebApplicationContext
2019-09-07 22:18:36.700  INFO 2628 --- [main] o.s.web.context.ContextLoader            : Root WebApplicationContext: initialization completed in 7960 ms
2019-09-07 22:18:37.117  INFO 2628 --- [main] com.zaxxer.hikari.HikariDataSource       : HikariPool-1 - Starting...
2019-09-07 22:18:37.585  INFO 2628 --- [main] com.zaxxer.hikari.HikariDataSource       : HikariPool-1 - Start completed.
2019-09-07 22:18:37.700  INFO 2628 --- [main] o.hibernate.jpa.internal.util.LogHelper  : HHH000204: Processing PersistenceUnitInfo [
	name: default
	...]
2019-09-07 22:18:37.829  INFO 2628 --- [main] org.hibernate.Version                    : HHH000412: Hibernate Core {5.3.7.Final}
2019-09-07 22:18:37.832  INFO 2628 --- [main] org.hibernate.cfg.Environment            : HHH000206: hibernate.properties not found
2019-09-07 22:18:38.211  INFO 2628 --- [main] o.hibernate.annotations.common.Version   : HCANN000001: Hibernate Commons Annotations {5.0.4.Final}
2019-09-07 22:18:38.831  INFO 2628 --- [main] org.hibernate.dialect.Dialect            : HHH000400: Using dialect: org.hibernate.dialect.MySQL5InnoDBDialect
2019-09-07 22:18:51.768  INFO 2628 --- [main] j.LocalContainerEntityManagerFactoryBean : Initialized JPA EntityManagerFactory for persistence unit 'default'
2019-09-07 22:18:53.361  INFO 2628 --- [main] o.h.h.i.QueryTranslatorFactoryInitiator  : HHH000397: Using ASTQueryTranslatorFactory
2019-09-07 22:18:54.577  INFO 2628 --- [main] o.s.s.concurrent.ThreadPoolTaskExecutor  : Initializing ExecutorService 'clientInboundChannelExecutor'
2019-09-07 22:18:54.596  INFO 2628 --- [main] o.s.s.concurrent.ThreadPoolTaskExecutor  : Initializing ExecutorService 'clientOutboundChannelExecutor'
2019-09-07 22:18:54.903  INFO 2628 --- [main] o.s.s.c.ThreadPoolTaskScheduler          : Initializing ExecutorService 'messageBrokerTaskScheduler'
2019-09-07 22:18:55.015  INFO 2628 --- [main] o.s.s.concurrent.ThreadPoolTaskExecutor  : Initializing ExecutorService 'brokerChannelExecutor'
2019-09-07 22:18:55.381  INFO 2628 --- [main] o.s.s.web.DefaultSecurityFilterChain     : Creating filter chain: Ant [pattern='/upload/**'], []
2019-09-07 22:18:55.382  INFO 2628 --- [main] o.s.s.web.DefaultSecurityFilterChain     : Creating filter chain: Ant [pattern='/download/**'], []
2019-09-07 22:18:55.385  INFO 2628 --- [main] o.s.s.web.DefaultSecurityFilterChain     : Creating filter chain: Ant [pattern='/'], []
2019-09-07 22:18:55.386  INFO 2628 --- [main] o.s.s.web.DefaultSecurityFilterChain     : Creating filter chain: Ant [pattern='/user/needlogin'], []
2019-09-07 22:18:55.386  INFO 2628 --- [main] o.s.s.web.DefaultSecurityFilterChain     : Creating filter chain: Ant [pattern='/user/logout'], []
2019-09-07 22:18:55.386  INFO 2628 --- [main] o.s.s.web.DefaultSecurityFilterChain     : Creating filter chain: Ant [pattern='/advertisement/**'], []
2019-09-07 22:18:55.386  INFO 2628 --- [main] o.s.s.web.DefaultSecurityFilterChain     : Creating filter chain: Ant [pattern='/terminal/**'], []
2019-09-07 22:18:55.387  INFO 2628 --- [main] o.s.s.web.DefaultSecurityFilterChain     : Creating filter chain: Ant [pattern='/index.html'], []
2019-09-07 22:18:55.390  INFO 2628 --- [main] o.s.s.web.DefaultSecurityFilterChain     : Creating filter chain: Ant [pattern='/favico.ico'], []
2019-09-07 22:18:55.391  INFO 2628 --- [main] o.s.s.web.DefaultSecurityFilterChain     : Creating filter chain: Ant [pattern='/css/**'], []
2019-09-07 22:18:55.391  INFO 2628 --- [main] o.s.s.web.DefaultSecurityFilterChain     : Creating filter chain: Ant [pattern='/fonts/**'], []
2019-09-07 22:18:55.391  INFO 2628 --- [main] o.s.s.web.DefaultSecurityFilterChain     : Creating filter chain: Ant [pattern='/img/**'], []
2019-09-07 22:18:55.392  INFO 2628 --- [main] o.s.s.web.DefaultSecurityFilterChain     : Creating filter chain: Ant [pattern='/js/**'], []
2019-09-07 22:18:55.486  INFO 2628 --- [main] o.s.s.web.DefaultSecurityFilterChain     : Creating filter chain: any request, [org.springframework.security.web.context.request.async.WebAsyncManagerIntegrationFilter@62515a47, org.springframework.security.web.context.SecurityContextPersistenceFilter@6e78fcf5, org.springframework.security.web.header.HeaderWriterFilter@6ea94d6a, org.springframework.security.web.authentication.logout.LogoutFilter@77bb0ab5, com.shicha.yzmgt.security.CustomUsernamePasswordAuthenticationFilter@3c5a54b7, org.springframework.security.web.authentication.UsernamePasswordAuthenticationFilter@faa3fed, org.springframework.security.web.savedrequest.RequestCacheAwareFilter@3b8ee898, org.springframework.security.web.servletapi.SecurityContextHolderAwareRequestFilter@5300f14a, org.springframework.security.web.authentication.AnonymousAuthenticationFilter@61f2c3f0, org.springframework.security.web.session.SessionManagementFilter@4d7e7435, org.springframework.security.web.access.ExceptionTranslationFilter@65f00478, org.springframework.security.web.access.intercept.FilterSecurityInterceptor@3c2772d1]
2019-09-07 22:18:55.784  WARN 2628 --- [main] aWebConfiguration$JpaWebMvcConfiguration : spring.jpa.open-in-view is enabled by default. Therefore, database queries may be performed during view rendering. Explicitly configure spring.jpa.open-in-view to disable this warning
2019-09-07 22:18:55.979  INFO 2628 --- [main] o.s.b.a.w.s.WelcomePageHandlerMapping    : Adding welcome page: class path resource [static/index.html]
2019-09-07 22:18:56.242  INFO 2628 --- [main] o.s.m.s.b.SimpleBrokerMessageHandler     : Starting...
2019-09-07 22:18:56.243  INFO 2628 --- [main] o.s.m.s.b.SimpleBrokerMessageHandler     : BrokerAvailabilityEvent[available=true, SimpleBrokerMessageHandler [DefaultSubscriptionRegistry[cache[0 destination(s)], registry[0 sessions]]]]
2019-09-07 22:18:56.244  INFO 2628 --- [main] o.s.m.s.b.SimpleBrokerMessageHandler     : Started.
2019-09-07 22:18:56.588  INFO 2628 --- [main] o.s.b.w.embedded.tomcat.TomcatWebServer  : Tomcat started on port(s): 8300 (http) with context path ''
2019-09-07 22:18:56.592  INFO 2628 --- [main] com.shicha.yzmgt.DemoApplication         : Started DemoApplication in 28.937 seconds (JVM running for 31.153)
2019-09-07 22:19:55.015  INFO 2628 --- [MessageBroker-2] o.s.w.s.c.WebSocketMessageBrokerStats    : WebSocketSession[0 current WS(0)-HttpStream(0)-HttpPoll(0), 0 total, 0 closed abnormally (0 connect failure, 0 send limit, 0 transport error)], stompSubProtocol[processed CONNECT(0)-CONNECTED(0)-DISCONNECT(0)], stompBrokerRelay[null], inboundChannel[pool size = 0, active threads = 0, queued tasks = 0, completed tasks = 0], outboundChannel[pool size = 0, active threads = 0, queued tasks = 0, completed tasks = 0], sockJsScheduler[pool size = 4, active threads = 1, queued tasks = 2, completed tasks = 1]
2019-09-07 22:20:01.166  INFO 2628 --- [http-nio-8300-exec-7] o.a.c.c.C.[Tomcat].[localhost].[/]       : Initializing Spring DispatcherServlet 'dispatcherServlet'
2019-09-07 22:20:01.167  INFO 2628 --- [http-nio-8300-exec-7] o.s.web.servlet.DispatcherServlet        : Initializing Servlet 'dispatcherServlet'
2019-09-07 22:20:01.185  INFO 2628 --- [http-nio-8300-exec-7] o.s.web.servlet.DispatcherServlet        : Completed initialization in 18 ms
2019-09-07 22:23:23.738  INFO 2628 --- [Thread-3] o.s.m.s.b.SimpleBrokerMessageHandler     : Stopping...
2019-09-07 22:23:23.739  INFO 2628 --- [Thread-3] o.s.m.s.b.SimpleBrokerMessageHandler     : BrokerAvailabilityEvent[available=false, SimpleBrokerMessageHandler [DefaultSubscriptionRegistry[cache[0 destination(s)], registry[1 sessions]]]]
2019-09-07 22:23:23.740  INFO 2628 --- [Thread-3] o.s.m.s.b.SimpleBrokerMessageHandler     : Stopped.
2019-09-07 22:23:23.744  INFO 2628 --- [Thread-3] o.s.s.concurrent.ThreadPoolTaskExecutor  : Shutting down ExecutorService 'brokerChannelExecutor'
2019-09-07 22:23:23.745  INFO 2628 --- [Thread-3] o.s.s.c.ThreadPoolTaskScheduler          : Shutting down ExecutorService 'messageBrokerTaskScheduler'
2019-09-07 22:23:23.748  INFO 2628 --- [Thread-3] o.s.s.concurrent.ThreadPoolTaskExecutor  : Shutting down ExecutorService 'clientOutboundChannelExecutor'
2019-09-07 22:23:23.749  INFO 2628 --- [Thread-3] o.s.s.concurrent.ThreadPoolTaskExecutor  : Shutting down ExecutorService 'clientInboundChannelExecutor'
2019-09-07 22:23:23.753  INFO 2628 --- [Thread-3] j.LocalContainerEntityManagerFactoryBean : Closing JPA EntityManagerFactory for persistence unit 'default'
2019-09-07 22:23:23.770  INFO 2628 --- [Thread-3] com.zaxxer.hikari.HikariDataSource       : HikariPool-1 - Shutdown initiated...
2019-09-07 22:23:23.805  INFO 2628 --- [Thread-3] com.zaxxer.hikari.HikariDataSource       : HikariPool-1 - Shutdown completed.
